<?xml version="1.0" encoding="UTF-8"?>
<!-- Generated by org.testng.reporters.JUnitReportReporter -->
<testsuite skipped="0" hostname="GYRUS-222" name="Master.LogIn" tests="1" failures="0" timestamp="13 Aug 2019 12:14:20 GMT" time="21.114" errors="0">
  <testcase name="Log_In" time="21.114" classname="Master.LogIn"/>
</testsuite> <!-- Master.LogIn -->
