<?xml version="1.0" encoding="UTF-8"?>
<!-- Generated by org.testng.reporters.JUnitReportReporter -->
<testsuite hostname="Gyrus-236" name="Master.LogIn" tests="1" failures="0" timestamp="27 Sep 2019 11:49:54 GMT" time="55.877" errors="0">
  <testcase name="Log_In" time="55.877" classname="Master.LogIn"/>
</testsuite> <!-- Master.LogIn -->
