<?xml version="1.0" encoding="UTF-8"?>
<!-- Generated by org.testng.reporters.JUnitReportReporter -->
<testsuite skipped="0" hostname="GYRUS-222" name="Manage_System.Employee.Add_Employee" tests="1" failures="0" timestamp="13 Aug 2019 12:14:20 GMT" time="221.692" errors="0">
  <testcase name="Adding_Employee" time="221.692" classname="Manage_System.Employee.Add_Employee"/>
</testsuite> <!-- Manage_System.Employee.Add_Employee -->
